#
# There is insufficient memory for the Java Runtime Environment to continue.
# Native memory allocation (mmap) failed to map 201326592 bytes for Failed to commit area from 0x0000000741c00000 to 0x000000074dc00000 of length 201326592.
# Possible reasons:
#   The system is out of physical RAM or swap space
#   The process is running with CompressedOops enabled, and the Java Heap may be blocking the growth of the native heap
# Possible solutions:
#   Reduce memory load on the system
#   Increase physical memory or swap space
#   Check if swap backing store is full
#   Decrease Java heap size (-Xmx/-Xms)
#   Decrease number of Java threads
#   Decrease Java thread stack sizes (-Xss)
#   Set larger code cache with -XX:ReservedCodeCacheSize=
# This output file may be truncated or incomplete.
#
#  Out of Memory Error (./src/hotspot/os/windows/os_windows.cpp:3303), pid=17496, tid=10036
#
# JRE version:  (11.0.9+11) (build )
# Java VM: OpenJDK 64-Bit Server VM (11.0.9+11-b944.49, mixed mode, sharing, tiered, compressed oops, g1 gc, windows-amd64)
# No core dump will be written. Minidumps are not enabled by default on client versions of Windows
#

---------------  S U M M A R Y ------------

Command Line: org.jetbrains.git4idea.http.GitAskPassApp Username for 'https://github.com': 

Host: Intel(R) Core(TM) i7-4700HQ CPU @ 2.40GHz, 8 cores, 11G,  Windows 10 , 64 bit Build 19041 (10.0.19041.662)
Time: Mon Jan  4 22:08:30 2021 Turkey Standard Time elapsed time: 0.012558 seconds (0d 0h 0m 0s)

---------------  T H R E A D  ---------------

Current thread (0x0000020c6250e800):  JavaThread "Unknown thread" [_thread_in_vm, id=10036, stack(0x00000034f2a00000,0x00000034f2b00000)]

Stack: [0x00000034f2a00000,0x00000034f2b00000]
Native frames: (J=compiled Java code, j=interpreted, Vv=VM code, C=native code)
V  [jvm.dll+0x5ed32a]
V  [jvm.dll+0x722655]
V  [jvm.dll+0x723bad]
V  [jvm.dll+0x724263]
V  [jvm.dll+0x242cc8]
V  [jvm.dll+0x5ea7e4]
V  [jvm.dll+0x5df8f5]
V  [jvm.dll+0x2fe2db]
V  [jvm.dll+0x2fe24a]
V  [jvm.dll+0x2fe122]
V  [jvm.dll+0x302ff6]
V  [jvm.dll+0x34b703]
V  [jvm.dll+0x34be06]
V  [jvm.dll+0x34b803]
V  [jvm.dll+0x2d8f98]
V  [jvm.dll+0x2da137]
V  [jvm.dll+0x7013c7]
V  [jvm.dll+0x702bbc]
V  [jvm.dll+0x358cb9]
V  [jvm.dll+0x6e4e9e]
V  [jvm.dll+0x3c1083]
V  [jvm.dll+0x3c3231]
C  [jli.dll+0x5373]
C  [ucrtbase.dll+0x214c2]
C  [KERNEL32.DLL+0x17034]
C  [ntdll.dll+0x4d0d1]


---------------  P R O C E S S  ---------------

Threads class SMR info:
_java_thread_list=0x0000020c60264260, length=0, elements={
}

Java Threads: ( => current thread )

Other Threads:
  0x0000020c62524000 GCTaskThread "GC Thread#0" [stack: 0x00000034f2b00000,0x00000034f2c00000] [id=7176]
  0x0000020c6256c000 ConcurrentGCThread "G1 Main Marker" [stack: 0x00000034f2c00000,0x00000034f2d00000] [id=14568]
  0x0000020c6256e800 ConcurrentGCThread "G1 Conc#0" [stack: 0x00000034f2d00000,0x00000034f2e00000] [id=13632]

[error occurred during error reporting (printing all threads), id 0xc0000005, EXCEPTION_ACCESS_VIOLATION (0xc0000005) at pc=0x00007ffe368e9537]

VM state:not at safepoint (not fully initialized)

VM Mutex/Monitor currently owned by a thread:  ([mutex/lock_event])
[0x0000020c6250a340] Heap_lock - owner thread: 0x0000020c6250e800

Heap address: 0x0000000741c00000, size: 3044 MB, Compressed Oops mode: Non-zero based: 0x0000000741c00000
Narrow klass base: 0x0000000000000000, Narrow klass shift: 0

GC Heap History (0 events):
No events

Deoptimization events (0 events):
No events

Classes redefined (0 events):
No events

Internal exceptions (0 events):
No events

Events (1 events):
Event: 0.008 Loaded shared library C:\Program Files\JetBrains\PyCharm 2020.2.3\jbr\bin\zip.dll


Dynamic libraries:
0x00007ff6cab90000 - 0x00007ff6cab9a000 	C:\Program Files\JetBrains\PyCharm 2020.2.3\jbr\bin\java.exe
0x00007ffe737b0000 - 0x00007ffe739a6000 	C:\WINDOWS\SYSTEM32\ntdll.dll
0x00007ffe71bd0000 - 0x00007ffe71c8d000 	C:\WINDOWS\System32\KERNEL32.DLL
0x00007ffe714e0000 - 0x00007ffe717a9000 	C:\WINDOWS\System32\KERNELBASE.dll
0x00007ffe713e0000 - 0x00007ffe714e0000 	C:\WINDOWS\System32\ucrtbase.dll
0x00007ffe59650000 - 0x00007ffe59669000 	C:\Program Files\JetBrains\PyCharm 2020.2.3\jbr\bin\jli.dll
0x00007ffe59630000 - 0x00007ffe59647000 	C:\Program Files\JetBrains\PyCharm 2020.2.3\jbr\bin\VCRUNTIME140.dll
0x00007ffe720d0000 - 0x00007ffe72270000 	C:\WINDOWS\System32\USER32.dll
0x00007ffe717b0000 - 0x00007ffe717d2000 	C:\WINDOWS\System32\win32u.dll
0x00007ffe71e20000 - 0x00007ffe71e4a000 	C:\WINDOWS\System32\GDI32.dll
0x00007ffe64070000 - 0x00007ffe6430b000 	C:\WINDOWS\WinSxS\amd64_microsoft.windows.common-controls_6595b64144ccf1df_6.0.19041.488_none_ca04af081b815d21\COMCTL32.dll
0x00007ffe710b0000 - 0x00007ffe711b9000 	C:\WINDOWS\System32\gdi32full.dll
0x00007ffe722a0000 - 0x00007ffe7233e000 	C:\WINDOWS\System32\msvcrt.dll
0x00007ffe712f0000 - 0x00007ffe7138d000 	C:\WINDOWS\System32\msvcp_win.dll
0x00007ffe72270000 - 0x00007ffe722a0000 	C:\WINDOWS\System32\IMM32.DLL
0x00007ffe43a00000 - 0x00007ffe43a9d000 	C:\Program Files\JetBrains\PyCharm 2020.2.3\jbr\bin\msvcp140.dll
0x00007ffe36600000 - 0x00007ffe370ce000 	C:\Program Files\JetBrains\PyCharm 2020.2.3\jbr\bin\server\jvm.dll
0x00007ffe71d70000 - 0x00007ffe71e1c000 	C:\WINDOWS\System32\ADVAPI32.dll
0x00007ffe72410000 - 0x00007ffe724ac000 	C:\WINDOWS\System32\sechost.dll
0x00007ffe71ec0000 - 0x00007ffe71feb000 	C:\WINDOWS\System32\RPCRT4.dll
0x00007ffe71d60000 - 0x00007ffe71d68000 	C:\WINDOWS\System32\PSAPI.DLL
0x00007ffe5fc10000 - 0x00007ffe5fc19000 	C:\WINDOWS\SYSTEM32\WSOCK32.dll
0x00007ffe6b770000 - 0x00007ffe6b77a000 	C:\WINDOWS\SYSTEM32\VERSION.dll
0x00007ffe6a420000 - 0x00007ffe6a447000 	C:\WINDOWS\SYSTEM32\WINMM.dll
0x00007ffe723a0000 - 0x00007ffe7240b000 	C:\WINDOWS\System32\WS2_32.dll
0x00007ffe6ed60000 - 0x00007ffe6ed72000 	C:\WINDOWS\SYSTEM32\kernel.appcore.dll
0x00007ffe6e760000 - 0x00007ffe6e771000 	C:\Program Files\JetBrains\PyCharm 2020.2.3\jbr\bin\verify.dll
0x00007ffe5f8e0000 - 0x00007ffe5fac4000 	C:\WINDOWS\SYSTEM32\DBGHELP.DLL
0x00007ffe5f870000 - 0x00007ffe5f89c000 	C:\WINDOWS\SYSTEM32\dbgcore.DLL
0x00007ffe711c0000 - 0x00007ffe71240000 	C:\WINDOWS\System32\bcryptPrimitives.dll
0x00007ffe5b250000 - 0x00007ffe5b279000 	C:\Program Files\JetBrains\PyCharm 2020.2.3\jbr\bin\java.dll
0x00007ffe6e740000 - 0x00007ffe6e74b000 	C:\Program Files\JetBrains\PyCharm 2020.2.3\jbr\bin\jimage.dll
0x00007ffe62b30000 - 0x00007ffe62b48000 	C:\Program Files\JetBrains\PyCharm 2020.2.3\jbr\bin\zip.dll

dbghelp: loaded successfully - version: 4.0.5 - missing functions: none
symbol engine: initialized successfully - sym options: 0x614 - pdb path: .;C:\Program Files\JetBrains\PyCharm 2020.2.3\jbr\bin;C:\WINDOWS\SYSTEM32;C:\WINDOWS\WinSxS\amd64_microsoft.windows.common-controls_6595b64144ccf1df_6.0.19041.488_none_ca04af081b815d21;C:\Program Files\JetBrains\PyCharm 2020.2.3\jbr\bin\server

VM Arguments:
java_command: org.jetbrains.git4idea.http.GitAskPassApp Username for 'https://github.com': 
java_class_path (initial): C:/Program Files/JetBrains/PyCharm 2020.2.3/plugins/git4idea/lib/git4idea-rt.jar;C:/Program Files/JetBrains/PyCharm 2020.2.3/lib/xmlrpc-2.0.1.jar;C:/Program Files/JetBrains/PyCharm 2020.2.3/lib/commons-codec-1.14.jar
Launcher Type: SUN_STANDARD

[Global flags]
     intx CICompilerCount                          = 4                                         {product} {ergonomic}
     uint ConcGCThreads                            = 2                                         {product} {ergonomic}
     uint G1ConcRefinementThreads                  = 8                                         {product} {ergonomic}
   size_t G1HeapRegionSize                         = 1048576                                   {product} {ergonomic}
    uintx GCDrainStackTargetSize                   = 64                                        {product} {ergonomic}
   size_t InitialHeapSize                          = 201326592                                 {product} {ergonomic}
   size_t MarkStackSize                            = 4194304                                   {product} {ergonomic}
   size_t MaxHeapSize                              = 3191865344                                {product} {ergonomic}
   size_t MinHeapDeltaBytes                        = 1048576                                   {product} {ergonomic}
    uintx NonNMethodCodeHeapSize                   = 5836300                                {pd product} {ergonomic}
    uintx NonProfiledCodeHeapSize                  = 122910970                              {pd product} {ergonomic}
    uintx ProfiledCodeHeapSize                     = 122910970                              {pd product} {ergonomic}
    uintx ReservedCodeCacheSize                    = 251658240                              {pd product} {ergonomic}
     bool SegmentedCodeCache                       = true                                      {product} {ergonomic}
     bool UseCompressedClassPointers               = true                                 {lp64_product} {ergonomic}
     bool UseCompressedOops                        = true                                 {lp64_product} {ergonomic}
     bool UseG1GC                                  = true                                      {product} {ergonomic}
     bool UseLargePagesIndividualAllocation        = false                                  {pd product} {ergonomic}

Logging:
Log output configuration:
 #0: stdout all=warning uptime,level,tags
 #1: stderr all=off uptime,level,tags

Environment Variables:
JAVA_HOME=C:\Program Files\Java\jdk-14.0.1
PATH=C:\Program Files\Git\mingw64\libexec\git-core;C:\Program Files\Git\mingw64\libexec\git-core;C:\Program Files\Git\mingw64\bin;C:\Program Files\Git\usr\bin;C:\Users\ugurh\bin;C:\Program Files\Java\jdk-14.0.1\bin;C:\ProgramData\Oracle\Java\javapath;C:\WINDOWS\system32;C:\WINDOWS;C:\WINDOWS\System32\Wbem;C:\WINDOWS\System32\WindowsPowerShell\v1.0;C:\Program Files (x86)\Bitvise SSH Client;C:\WINDOWS\System32\OpenSSH;C:\Program Files\apache-maven-3.6.3\bin;C:\Users\ugurh\AppData\Local\Android\Sdk\platform-tools;C:\Program Files\Git\cmd;C:\Users\ugurh\Downloads\chromedriver;C:\Program Files\Git LFS;C:\Users\ugurh\AppData\Local\Programs\Python\Python38\Scripts;C:\Users\ugurh\AppData\Local\Programs\Python\Python38;C:\Users\ugurh\AppData\Local\Microsoft\WindowsApps;C:\Hugo\bin;C:\Users\ugurh\AppData\Local\.meteor;C:\Program Files\JetBrains\PyCharm Community Edition 2019.3.3\bin;C:\Users\ugurh\AppData\Local\Microsoft\WindowsApps;C:\Users\ugurh\AppData\Local\Android\Sdk\platform-tools
USERNAME=ugurh
DISPLAY=:0.0
LC_ALL=en_US.UTF-8
OS=Windows_NT
PROCESSOR_IDENTIFIER=Intel64 Family 6 Model 60 Stepping 3, GenuineIntel



---------------  S Y S T E M  ---------------

OS: Windows 10 , 64 bit Build 19041 (10.0.19041.662)
OS uptime: 3 days 9:25 hours

CPU:total 8 (initial active 8) (4 cores per cpu, 2 threads per core) family 6 model 60 stepping 3, cmov, cx8, fxsr, mmx, sse, sse2, sse3, ssse3, sse4.1, sse4.2, popcnt, avx, avx2, aes, clmul, erms, lzcnt, ht, tsc, tscinvbit, bmi1, bmi2, fma

Memory: 4k page, system-wide physical 12171M (3098M free)
TotalPageFile size 24487M (AvailPageFile size 187M)
current process WorkingSet (physical memory assigned to process): 10M, peak: 10M
current process commit charge ("private bytes"): 60M, peak: 252M

vm_info: OpenJDK 64-Bit Server VM (11.0.9+11-b944.49) for windows-amd64 JRE (11.0.9+11-b944.49), built on Nov 21 2020 13:01:57 by "" with MS VC++ 14.0 (VS2015)

END.
